*** Starting uWSGI 2.0.19.1 (64bit) on [Wed Aug  5 19:37:10 2020] ***
compiled with version: 4.2.1 Compatible Apple LLVM 11.0.3 (clang-1103.0.32.62) on 25 July 2020 22:55:15
os: Darwin-19.6.0 Darwin Kernel Version 19.6.0: Sun Jul  5 00:43:10 PDT 2020; root:xnu-6153.141.1~9/RELEASE_X86_64
nodename: 192-168-1-106.tpgi.com.au
machine: x86_64
clock source: unix
pcre jit disabled
detected number of CPU cores: 8
current working directory: /Users/liyang/Desktop/readbook
writing pidfile to /Users/liyang/Desktop/readbook/app_uwsgi.pid
detected binary path: /usr/local/bin/uwsgi
chdir() to /Users/liyang/Desktop/readbook
your processes number limit is 1392
your memory page size is 4096 bytes
detected max file descriptor number: 256
lock engine: OSX spinlocks
thunder lock: enabled
uwsgi socket 0 bound to TCP address 127.0.0.1:8000 fd 3
Python version: 3.7.7 (default, Mar 10 2020, 15:43:33)  [Clang 11.0.0 (clang-1100.0.33.17)]
Python main interpreter initialized at 0x7ff45a904f00
python threads support enabled
your server socket listen backlog is limited to 100 connections
your mercy for graceful operations on workers is 60 seconds
mapped 486528 bytes (475 KB) for 5 cores
*** Operational MODE: preforking ***
WSGI app 0 (mountpoint='') ready in 1 seconds on interpreter 0x7ff45a904f00 pid: 42936 (default app)
mountpoint  already configured. skip.
*** uWSGI is running in multiple interpreter mode ***
spawned uWSGI master process (pid: 42936)
spawned uWSGI worker 1 (pid: 42942, cores: 1)
spawned uWSGI worker 2 (pid: 42943, cores: 1)
spawned uWSGI worker 3 (pid: 42944, cores: 1)
spawned uWSGI worker 4 (pid: 42945, cores: 1)
spawned uWSGI worker 5 (pid: 42946, cores: 1)
Python auto-reloader enabled
invalid request block size: 21573 (max 4096)...skip
invalid request block size: 21573 (max 4096)...skip
