*** Starting uWSGI 2.0.19.1 (64bit) on [Wed Aug  5 18:25:32 2020] ***
compiled with version: 4.2.1 Compatible Apple LLVM 11.0.3 (clang-1103.0.32.62) on 25 July 2020 22:55:15
os: Darwin-19.6.0 Darwin Kernel Version 19.6.0: Sun Jul  5 00:43:10 PDT 2020; root:xnu-6153.141.1~9/RELEASE_X86_64
nodename: 192-168-1-106.tpgi.com.au
machine: x86_64
clock source: unix
pcre jit disabled
detected number of CPU cores: 8
current working directory: /Users/liyang/Desktop/readbook/uwsgi_conf
writing pidfile to /Users/liyang/Desktop/readbook/uwsgi_conf/uwsgi.pid
detected binary path: /usr/local/bin/uwsgi
chdir() to /Users/liyang/Desktop/readbook
your processes number limit is 1392
your memory page size is 4096 bytes
detected max file descriptor number: 256
lock engine: OSX spinlocks
thunder lock: enabled
uWSGI http bound on 127.0.0.1:8000 fd 3
uwsgi socket 0 bound to TCP address 127.0.0.1:9001 fd 6
Python version: 3.7.7 (default, Mar 10 2020, 15:43:33)  [Clang 11.0.0 (clang-1100.0.33.17)]
Python main interpreter initialized at 0x7f88b3d062a0
python threads support enabled
your server socket listen backlog is limited to 100 connections
your mercy for graceful operations on workers is 60 seconds
mapped 486528 bytes (475 KB) for 5 cores
*** Operational MODE: preforking ***
WSGI app 0 (mountpoint='') ready in 0 seconds on interpreter 0x7f88b3d062a0 pid: 32468 (default app)
*** uWSGI is running in multiple interpreter mode ***
spawned uWSGI master process (pid: 32468)
spawned uWSGI worker 1 (pid: 32474, cores: 1)
spawned uWSGI worker 2 (pid: 32475, cores: 1)
spawned uWSGI worker 3 (pid: 32476, cores: 1)
spawned uWSGI worker 4 (pid: 32477, cores: 1)
spawned uWSGI worker 5 (pid: 32478, cores: 1)
probably another instance of uWSGI is running on the same address (127.0.0.1:9001).
bind(): Address already in use [core/socket.c line 769]
...brutally killing workers...
Python auto-reloader enabled
VACUUM: pidfile removed.
*** Starting uWSGI 2.0.19.1 (64bit) on [Wed Aug  5 18:25:38 2020] ***
compiled with version: 4.2.1 Compatible Apple LLVM 11.0.3 (clang-1103.0.32.62) on 25 July 2020 22:55:15
os: Darwin-19.6.0 Darwin Kernel Version 19.6.0: Sun Jul  5 00:43:10 PDT 2020; root:xnu-6153.141.1~9/RELEASE_X86_64
nodename: 192-168-1-106.tpgi.com.au
machine: x86_64
clock source: unix
pcre jit disabled
detected number of CPU cores: 8
current working directory: /Users/liyang/Desktop/readbook/uwsgi_conf
writing pidfile to /Users/liyang/Desktop/readbook/uwsgi_conf/uwsgi.pid
detected binary path: /usr/local/bin/uwsgi
chdir() to /Users/liyang/Desktop/readbook
your processes number limit is 1392
your memory page size is 4096 bytes
detected max file descriptor number: 256
lock engine: OSX spinlocks
thunder lock: enabled
uWSGI http bound on 127.0.0.1:8000 fd 3
probably another instance of uWSGI is running on the same address (127.0.0.1:9001).
bind(): Address already in use [core/socket.c line 769]
*** Starting uWSGI 2.0.19.1 (64bit) on [Wed Aug  5 19:18:07 2020] ***
compiled with version: 4.2.1 Compatible Apple LLVM 11.0.3 (clang-1103.0.32.62) on 25 July 2020 22:55:15
os: Darwin-19.6.0 Darwin Kernel Version 19.6.0: Sun Jul  5 00:43:10 PDT 2020; root:xnu-6153.141.1~9/RELEASE_X86_64
nodename: 192-168-1-106.tpgi.com.au
machine: x86_64
clock source: unix
pcre jit disabled
detected number of CPU cores: 8
current working directory: /Users/liyang/Desktop/readbook/uwsgi_conf
writing pidfile to /Users/liyang/Desktop/readbook/uwsgi_conf/uwsgi.pid
detected binary path: /usr/local/bin/uwsgi
chdir() to /Users/liyang/Desktop/readbook
your processes number limit is 1392
your memory page size is 4096 bytes
detected max file descriptor number: 256
lock engine: OSX spinlocks
thunder lock: enabled
uWSGI http bound on 127.0.0.1:8000 fd 3
probably another instance of uWSGI is running on the same address (127.0.0.1:9001).
bind(): Address already in use [core/socket.c line 769]
*** Starting uWSGI 2.0.19.1 (64bit) on [Wed Aug  5 19:19:15 2020] ***
compiled with version: 4.2.1 Compatible Apple LLVM 11.0.3 (clang-1103.0.32.62) on 25 July 2020 22:55:15
os: Darwin-19.6.0 Darwin Kernel Version 19.6.0: Sun Jul  5 00:43:10 PDT 2020; root:xnu-6153.141.1~9/RELEASE_X86_64
nodename: 192-168-1-106.tpgi.com.au
machine: x86_64
clock source: unix
pcre jit disabled
detected number of CPU cores: 8
current working directory: /Users/liyang/Desktop/readbook/uwsgi_conf
writing pidfile to /Users/liyang/Desktop/readbook/uwsgi_conf/uwsgi.pid
detected binary path: /usr/local/bin/uwsgi
chdir() to /Users/liyang/Desktop/readbook
your processes number limit is 1392
your memory page size is 4096 bytes
detected max file descriptor number: 256
lock engine: OSX spinlocks
thunder lock: enabled
uWSGI http bound on 127.0.0.1:8000 fd 3
probably another instance of uWSGI is running on the same address (127.0.0.1:8000).
bind(): Address already in use [core/socket.c line 769]
*** Starting uWSGI 2.0.19.1 (64bit) on [Wed Aug  5 19:23:06 2020] ***
compiled with version: 4.2.1 Compatible Apple LLVM 11.0.3 (clang-1103.0.32.62) on 25 July 2020 22:55:15
os: Darwin-19.6.0 Darwin Kernel Version 19.6.0: Sun Jul  5 00:43:10 PDT 2020; root:xnu-6153.141.1~9/RELEASE_X86_64
nodename: 192-168-1-106.tpgi.com.au
machine: x86_64
clock source: unix
pcre jit disabled
detected number of CPU cores: 8
current working directory: /Users/liyang/Desktop/readbook/uwsgi_conf
writing pidfile to /Users/liyang/Desktop/readbook/uwsgi_conf/uwsgi.pid
detected binary path: /usr/local/bin/uwsgi
chdir() to /Users/liyang/Desktop/readbook
your processes number limit is 1392
your memory page size is 4096 bytes
detected max file descriptor number: 256
lock engine: OSX spinlocks
thunder lock: enabled
uWSGI http bound on 127.0.0.1:8000 fd 4
uwsgi socket 0 bound to TCP address 127.0.0.1:57757 (port auto-assigned) fd 3
Python version: 3.7.7 (default, Mar 10 2020, 15:43:33)  [Clang 11.0.0 (clang-1100.0.33.17)]
Python main interpreter initialized at 0x7fe480c04d10
python threads support enabled
your server socket listen backlog is limited to 100 connections
your mercy for graceful operations on workers is 60 seconds
mapped 486528 bytes (475 KB) for 5 cores
*** Operational MODE: preforking ***
WSGI app 0 (mountpoint='') ready in 1 seconds on interpreter 0x7fe480c04d10 pid: 40004 (default app)
mountpoint  already configured. skip.
*** uWSGI is running in multiple interpreter mode ***
spawned uWSGI master process (pid: 40004)
spawned uWSGI worker 1 (pid: 40010, cores: 1)
spawned uWSGI worker 2 (pid: 40011, cores: 1)
spawned uWSGI worker 3 (pid: 40012, cores: 1)
spawned uWSGI worker 4 (pid: 40013, cores: 1)
spawned uWSGI worker 5 (pid: 40014, cores: 1)
Python auto-reloader enabled
probably another instance of uWSGI is running on the same address (127.0.0.1:8000).
bind(): Address already in use [core/socket.c line 769]
...brutally killing workers...
VACUUM: pidfile removed.
*** Starting uWSGI 2.0.19.1 (64bit) on [Wed Aug  5 19:24:25 2020] ***
compiled with version: 4.2.1 Compatible Apple LLVM 11.0.3 (clang-1103.0.32.62) on 25 July 2020 22:55:15
os: Darwin-19.6.0 Darwin Kernel Version 19.6.0: Sun Jul  5 00:43:10 PDT 2020; root:xnu-6153.141.1~9/RELEASE_X86_64
nodename: 192-168-1-106.tpgi.com.au
machine: x86_64
clock source: unix
pcre jit disabled
detected number of CPU cores: 8
current working directory: /Users/liyang/Desktop/readbook/uwsgi_conf
writing pidfile to /Users/liyang/Desktop/readbook/uwsgi_conf/uwsgi.pid
detected binary path: /usr/local/bin/uwsgi
chdir() to /Users/liyang/Desktop/readbook
your processes number limit is 1392
your memory page size is 4096 bytes
detected max file descriptor number: 256
lock engine: OSX spinlocks
thunder lock: enabled
uWSGI http bound on 127.0.0.1:8000 fd 4
uwsgi socket 0 bound to TCP address 127.0.0.1:57807 (port auto-assigned) fd 3
Python version: 3.7.7 (default, Mar 10 2020, 15:43:33)  [Clang 11.0.0 (clang-1100.0.33.17)]
Python main interpreter initialized at 0x7fb9c160a9e0
python threads support enabled
your server socket listen backlog is limited to 100 connections
your mercy for graceful operations on workers is 60 seconds
mapped 486528 bytes (475 KB) for 5 cores
*** Operational MODE: preforking ***
WSGI app 0 (mountpoint='') ready in 1 seconds on interpreter 0x7fb9c160a9e0 pid: 40139 (default app)
mountpoint  already configured. skip.
*** uWSGI is running in multiple interpreter mode ***
spawned uWSGI master process (pid: 40139)
spawned uWSGI worker 1 (pid: 40145, cores: 1)
spawned uWSGI worker 2 (pid: 40146, cores: 1)
spawned uWSGI worker 3 (pid: 40147, cores: 1)
spawned uWSGI worker 4 (pid: 40148, cores: 1)
spawned uWSGI worker 5 (pid: 40149, cores: 1)
probably another instance of uWSGI is running on the same address (127.0.0.1:8000).
bind(): Address already in use [core/socket.c line 769]
...brutally killing workers...
VACUUM: pidfile removed.
Python auto-reloader enabled
